docker exec vaultdev tail -f /vault/logs/vault_audit.log | jq

# Create team-se-policy



{
  "time": "2019-10-11T19:28:06.444593Z",
  "type": "response",
  "auth": {
    "client_token": "hmac-sha256:a7593b14beae56e3727318fa335ddf4d3b93ddc5448b777e0270c090a0597d85",
    "accessor": "hmac-sha256:cd4fc3fe74ca10459dbd14da7bb138c993ace640ee8d01e93e10b7ba54deae99",
    "display_name": "token",
    "policies": [
      "root"
    ],
    "token_policies": [
      "root"
    ],
    "token_type": "service"
  },
  "request": {
    "id": "92781a10-0e1c-3e0d-cb69-518463c752fc",
    "operation": "update",
    "client_token": "hmac-sha256:a7593b14beae56e3727318fa335ddf4d3b93ddc5448b777e0270c090a0597d85",
    "client_token_accessor": "hmac-sha256:cd4fc3fe74ca10459dbd14da7bb138c993ace640ee8d01e93e10b7ba54deae99",
    "namespace": {
      "id": "root"
    },
    "path": "sys/audit/file",
    "data": {
      "description": "hmac-sha256:dc1e7dcb7922d10420b351622d070f1258f2d70e471b104510933947b7affade",
      "local": false,
      "options": {
        "file_path": "hmac-sha256:43539920c4af23ae769c2c0bbf1a5c160c064141523eb5c4eae59a3002874830"
      },
      "type": "hmac-sha256:d6646f08b3a5b9ff619a34b4f48fa9796661abfbf1777a1adfb73a75b20cd56b"
    },
    "remote_address": "172.17.0.1"
  },
  "response": {}
}
{
  "time": "2019-10-11T19:28:20.4459726Z",
  "type": "request",
  "auth": {
    "client_token": "hmac-sha256:a7593b14beae56e3727318fa335ddf4d3b93ddc5448b777e0270c090a0597d85",
    "accessor": "hmac-sha256:cd4fc3fe74ca10459dbd14da7bb138c993ace640ee8d01e93e10b7ba54deae99",
    "display_name": "token",
    "policies": [
      "root"
    ],
    "token_policies": [
      "root"
    ],
    "token_type": "service"
  },
  "request": {
    "id": "b05bd8de-ac5b-b557-3fb9-b45a5b596ef8",
    "operation": "update",
    "client_token": "hmac-sha256:a7593b14beae56e3727318fa335ddf4d3b93ddc5448b777e0270c090a0597d85",
    "client_token_accessor": "hmac-sha256:cd4fc3fe74ca10459dbd14da7bb138c993ace640ee8d01e93e10b7ba54deae99",
    "namespace": {
      "id": "root"
    },
    "path": "sys/policies/acl/team-se-policy",
    "data": {
      "policy": "hmac-sha256:fcfb029b4bc0662029142b8a2f0545a9d8ee7a25685aaf063a5e7ccdfec6a69a"
    },
    "remote_address": "172.17.0.1"
  }
}
{
  "time": "2019-10-11T19:28:20.4478358Z",
  "type": "response",
  "auth": {
    "client_token": "hmac-sha256:a7593b14beae56e3727318fa335ddf4d3b93ddc5448b777e0270c090a0597d85",
    "accessor": "hmac-sha256:cd4fc3fe74ca10459dbd14da7bb138c993ace640ee8d01e93e10b7ba54deae99",
    "display_name": "token",
    "policies": [
      "root"
    ],
    "token_policies": [
      "root"
    ],
    "token_type": "service"
  },
  "request": {
    "id": "b05bd8de-ac5b-b557-3fb9-b45a5b596ef8",
    "operation": "update",
    "client_token": "hmac-sha256:a7593b14beae56e3727318fa335ddf4d3b93ddc5448b777e0270c090a0597d85",
    "client_token_accessor": "hmac-sha256:cd4fc3fe74ca10459dbd14da7bb138c993ace640ee8d01e93e10b7ba54deae99",
    "namespace": {
      "id": "root"
    },
    "path": "sys/policies/acl/team-se-policy",
    "data": {
      "policy": "hmac-sha256:fcfb029b4bc0662029142b8a2f0545a9d8ee7a25685aaf063a5e7ccdfec6a69a"
    },
    "remote_address": "172.17.0.1"
  },
  "response": {}
}




# Read Policy
{
  "time": "2019-10-11T19:28:22.1264498Z",
  "type": "request",
  "auth": {
    "client_token": "hmac-sha256:a7593b14beae56e3727318fa335ddf4d3b93ddc5448b777e0270c090a0597d85",
    "accessor": "hmac-sha256:cd4fc3fe74ca10459dbd14da7bb138c993ace640ee8d01e93e10b7ba54deae99",
    "display_name": "token",
    "policies": [
      "root"
    ],
    "token_policies": [
      "root"
    ],
    "token_type": "service"
  },
  "request": {
    "id": "c93a1d3d-08df-604e-7664-23b19a07cd41",
    "operation": "read",
    "client_token": "hmac-sha256:a7593b14beae56e3727318fa335ddf4d3b93ddc5448b777e0270c090a0597d85",
    "client_token_accessor": "hmac-sha256:cd4fc3fe74ca10459dbd14da7bb138c993ace640ee8d01e93e10b7ba54deae99",
    "namespace": {
      "id": "root"
    },
    "path": "sys/policies/acl/team-se-policy",
    "remote_address": "172.17.0.1"
  }
}
{
  "time": "2019-10-11T19:28:22.1270068Z",
  "type": "response",
  "auth": {
    "client_token": "hmac-sha256:a7593b14beae56e3727318fa335ddf4d3b93ddc5448b777e0270c090a0597d85",
    "accessor": "hmac-sha256:cd4fc3fe74ca10459dbd14da7bb138c993ace640ee8d01e93e10b7ba54deae99",
    "display_name": "token",
    "policies": [
      "root"
    ],
    "token_policies": [
      "root"
    ],
    "token_type": "service"
  },
  "request": {
    "id": "c93a1d3d-08df-604e-7664-23b19a07cd41",
    "operation": "read",
    "client_token": "hmac-sha256:a7593b14beae56e3727318fa335ddf4d3b93ddc5448b777e0270c090a0597d85",
    "client_token_accessor": "hmac-sha256:cd4fc3fe74ca10459dbd14da7bb138c993ace640ee8d01e93e10b7ba54deae99",
    "namespace": {
      "id": "root"
    },
    "path": "sys/policies/acl/team-se-policy",
    "remote_address": "172.17.0.1"
  },
  "response": {
    "data": {
      "name": "hmac-sha256:7fd2695cdd00b22fdce8ac807a2e33c640b63e0adc2da4497801589f93d3bb47",
      "policy": "hmac-sha256:fcfb029b4bc0662029142b8a2f0545a9d8ee7a25685aaf063a5e7ccdfec6a69a"
    }
  }
}




#  Vault Admin adding secret as placeholder

{
  "time": "2019-10-11T19:28:56.9437861Z",
  "type": "request",
  "auth": {
    "client_token": "hmac-sha256:a7593b14beae56e3727318fa335ddf4d3b93ddc5448b777e0270c090a0597d85",
    "accessor": "hmac-sha256:cd4fc3fe74ca10459dbd14da7bb138c993ace640ee8d01e93e10b7ba54deae99",
    "display_name": "token",
    "policies": [
      "root"
    ],
    "token_policies": [
      "root"
    ],
    "token_type": "service"
  },
  "request": {
    "id": "9fcfe67a-a2ce-b813-9186-775236883889",
    "operation": "read",
    "client_token": "hmac-sha256:a7593b14beae56e3727318fa335ddf4d3b93ddc5448b777e0270c090a0597d85",
    "client_token_accessor": "hmac-sha256:cd4fc3fe74ca10459dbd14da7bb138c993ace640ee8d01e93e10b7ba54deae99",
    "namespace": {
      "id": "root"
    },
    "path": "sys/internal/ui/mounts/secret/foo",
    "remote_address": "172.17.0.1"
  }
}
{
  "time": "2019-10-11T19:28:56.9445666Z",
  "type": "response",
  "auth": {
    "client_token": "hmac-sha256:a7593b14beae56e3727318fa335ddf4d3b93ddc5448b777e0270c090a0597d85",
    "accessor": "hmac-sha256:cd4fc3fe74ca10459dbd14da7bb138c993ace640ee8d01e93e10b7ba54deae99",
    "display_name": "token",
    "policies": [
      "root"
    ],
    "token_policies": [
      "root"
    ],
    "token_type": "service"
  },
  "request": {
    "id": "9fcfe67a-a2ce-b813-9186-775236883889",
    "operation": "read",
    "client_token": "hmac-sha256:a7593b14beae56e3727318fa335ddf4d3b93ddc5448b777e0270c090a0597d85",
    "client_token_accessor": "hmac-sha256:cd4fc3fe74ca10459dbd14da7bb138c993ace640ee8d01e93e10b7ba54deae99",
    "namespace": {
      "id": "root"
    },
    "path": "sys/internal/ui/mounts/secret/foo",
    "remote_address": "172.17.0.1"
  },
  "response": {
    "data": {
      "accessor": "hmac-sha256:2e46e8194d8bf1012196425df40bbd9817d3d8f3acd073fb4d282fca3c87fa9d",
      "config": {
        "default_lease_ttl": 0,
        "force_no_cache": false,
        "max_lease_ttl": 0
      },
      "description": "hmac-sha256:6be223030bcd1a8617d3cbefc6164dfc59bae01599df157873074c15c387a9a7",
      "local": false,
      "options": {
        "version": "hmac-sha256:977ea507fdb370e472487928a3c9351a45114dfc6558dccb3320b1eea1182703"
      },
      "path": "hmac-sha256:e08c7a4a46360964f1171c94aab2fd8d4b5db8c5e27e869d292caf240ed5be85",
      "seal_wrap": false,
      "type": "hmac-sha256:01528fe26c609f3af52b60287d8f9f7e8289fb873cd0087b602b7c251708e7d9",
      "uuid": "hmac-sha256:42b03615c8ed9e3b55b505700cf44925a5d17f0b1b3d88c42ebdb7780c74743d"
    }
  }
}
{
  "time": "2019-10-11T19:28:56.9467651Z",
  "type": "request",
  "auth": {
    "client_token": "hmac-sha256:a7593b14beae56e3727318fa335ddf4d3b93ddc5448b777e0270c090a0597d85",
    "accessor": "hmac-sha256:cd4fc3fe74ca10459dbd14da7bb138c993ace640ee8d01e93e10b7ba54deae99",
    "display_name": "token",
    "policies": [
      "root"
    ],
    "token_policies": [
      "root"
    ],
    "token_type": "service"
  },
  "request": {
    "id": "72d28d9b-b1f5-2ba9-6237-2a5929c50e87",
    "operation": "create",
    "client_token": "hmac-sha256:a7593b14beae56e3727318fa335ddf4d3b93ddc5448b777e0270c090a0597d85",
    "client_token_accessor": "hmac-sha256:cd4fc3fe74ca10459dbd14da7bb138c993ace640ee8d01e93e10b7ba54deae99",
    "namespace": {
      "id": "root"
    },
    "path": "secret/data/foo",
    "data": {
      "data": {
        "robot": "hmac-sha256:47b92f35dd37676cfc2e331394ea44e113c4f22156705c02914fccc9a55d05bc"
      },
      "options": {}
    },
    "remote_address": "172.17.0.1"
  }
}
{
  "time": "2019-10-11T19:28:56.9478161Z",
  "type": "response",
  "auth": {
    "client_token": "hmac-sha256:a7593b14beae56e3727318fa335ddf4d3b93ddc5448b777e0270c090a0597d85",
    "accessor": "hmac-sha256:cd4fc3fe74ca10459dbd14da7bb138c993ace640ee8d01e93e10b7ba54deae99",
    "display_name": "token",
    "policies": [
      "root"
    ],
    "token_policies": [
      "root"
    ],
    "token_type": "service"
  },
  "request": {
    "id": "72d28d9b-b1f5-2ba9-6237-2a5929c50e87",
    "operation": "create",
    "client_token": "hmac-sha256:a7593b14beae56e3727318fa335ddf4d3b93ddc5448b777e0270c090a0597d85",
    "client_token_accessor": "hmac-sha256:cd4fc3fe74ca10459dbd14da7bb138c993ace640ee8d01e93e10b7ba54deae99",
    "namespace": {
      "id": "root"
    },
    "path": "secret/data/foo",
    "data": {
      "data": {
        "robot": "hmac-sha256:47b92f35dd37676cfc2e331394ea44e113c4f22156705c02914fccc9a55d05bc"
      },
      "options": {}
    },
    "remote_address": "172.17.0.1"
  },
  "response": {
    "data": {
      "created_time": "hmac-sha256:2e5287fe319eff24123da4fe1b0af042a728a681e2bf6c10bb6859c0225a0d23",
      "deletion_time": "hmac-sha256:dc1e7dcb7922d10420b351622d070f1258f2d70e471b104510933947b7affade",
      "destroyed": false,
      "version": 1
    }
  }
}
{
  "time": "2019-10-11T19:28:56.9767175Z",
  "type": "request",
  "auth": {
    "client_token": "hmac-sha256:a7593b14beae56e3727318fa335ddf4d3b93ddc5448b777e0270c090a0597d85",
    "accessor": "hmac-sha256:cd4fc3fe74ca10459dbd14da7bb138c993ace640ee8d01e93e10b7ba54deae99",
    "display_name": "token",
    "policies": [
      "root"
    ],
    "token_policies": [
      "root"
    ],
    "token_type": "service"
  },
  "request": {
    "id": "5194b283-1f4c-13e1-602c-8100e102734e",
    "operation": "update",
    "client_token": "hmac-sha256:a7593b14beae56e3727318fa335ddf4d3b93ddc5448b777e0270c090a0597d85",
    "client_token_accessor": "hmac-sha256:cd4fc3fe74ca10459dbd14da7bb138c993ace640ee8d01e93e10b7ba54deae99",
    "namespace": {
      "id": "root"
    },
    "path": "sys/auth/userpass",
    "data": {
      "config": {
        "default_lease_ttl": "hmac-sha256:1bfda8fbb15d6e15646834bcc7a8c27789b69d88d13539502b4b560df5c3b270",
        "force_no_cache": false,
        "max_lease_ttl": "hmac-sha256:1bfda8fbb15d6e15646834bcc7a8c27789b69d88d13539502b4b560df5c3b270",
        "options": null
      },
      "description": "hmac-sha256:dc1e7dcb7922d10420b351622d070f1258f2d70e471b104510933947b7affade",
      "local": false,
      "options": null,
      "seal_wrap": false,
      "type": "hmac-sha256:a77144cdd976cf0cb94d0d106641b517b913adbcb696fd434cc85e4bb4959061"
    },
    "remote_address": "172.17.0.1"
  }
}
{
  "time": "2019-10-11T19:28:56.977677Z",
  "type": "response",
  "auth": {
    "client_token": "hmac-sha256:a7593b14beae56e3727318fa335ddf4d3b93ddc5448b777e0270c090a0597d85",
    "accessor": "hmac-sha256:cd4fc3fe74ca10459dbd14da7bb138c993ace640ee8d01e93e10b7ba54deae99",
    "display_name": "token",
    "policies": [
      "root"
    ],
    "token_policies": [
      "root"
    ],
    "token_type": "service"
  },
  "request": {
    "id": "5194b283-1f4c-13e1-602c-8100e102734e",
    "operation": "update",
    "client_token": "hmac-sha256:a7593b14beae56e3727318fa335ddf4d3b93ddc5448b777e0270c090a0597d85",
    "client_token_accessor": "hmac-sha256:cd4fc3fe74ca10459dbd14da7bb138c993ace640ee8d01e93e10b7ba54deae99",
    "namespace": {
      "id": "root"
    },
    "path": "sys/auth/userpass",
    "data": {
      "config": {
        "default_lease_ttl": "hmac-sha256:1bfda8fbb15d6e15646834bcc7a8c27789b69d88d13539502b4b560df5c3b270",
        "force_no_cache": false,
        "max_lease_ttl": "hmac-sha256:1bfda8fbb15d6e15646834bcc7a8c27789b69d88d13539502b4b560df5c3b270",
        "options": null
      },
      "description": "hmac-sha256:dc1e7dcb7922d10420b351622d070f1258f2d70e471b104510933947b7affade",
      "local": false,
      "options": null,
      "seal_wrap": false,
      "type": "hmac-sha256:a77144cdd976cf0cb94d0d106641b517b913adbcb696fd434cc85e4bb4959061"
    },
    "remote_address": "172.17.0.1"
  },
  "response": {}
}
{
  "time": "2019-10-11T19:28:57.0099898Z",
  "type": "request",
  "auth": {
    "client_token": "hmac-sha256:a7593b14beae56e3727318fa335ddf4d3b93ddc5448b777e0270c090a0597d85",
    "accessor": "hmac-sha256:cd4fc3fe74ca10459dbd14da7bb138c993ace640ee8d01e93e10b7ba54deae99",
    "display_name": "token",
    "policies": [
      "root"
    ],
    "token_policies": [
      "root"
    ],
    "token_type": "service"
  },
  "request": {
    "id": "f27d8db2-06cc-e9ce-683d-c81443c3f146",
    "operation": "create",
    "client_token": "hmac-sha256:a7593b14beae56e3727318fa335ddf4d3b93ddc5448b777e0270c090a0597d85",
    "client_token_accessor": "hmac-sha256:cd4fc3fe74ca10459dbd14da7bb138c993ace640ee8d01e93e10b7ba54deae99",
    "namespace": {
      "id": "root"
    },
    "path": "auth/userpass/users/ppresto",
    "data": {
      "password": "hmac-sha256:43e7dc33d98f35766e785df05f6e45891c9ce9db0dd88d56502862ed9a720764",
      "policies": "hmac-sha256:7fd2695cdd00b22fdce8ac807a2e33c640b63e0adc2da4497801589f93d3bb47"
    },
    "remote_address": "172.17.0.1"
  }
}
{
  "time": "2019-10-11T19:28:57.0646654Z",
  "type": "response",
  "auth": {
    "client_token": "hmac-sha256:a7593b14beae56e3727318fa335ddf4d3b93ddc5448b777e0270c090a0597d85",
    "accessor": "hmac-sha256:cd4fc3fe74ca10459dbd14da7bb138c993ace640ee8d01e93e10b7ba54deae99",
    "display_name": "token",
    "policies": [
      "root"
    ],
    "token_policies": [
      "root"
    ],
    "token_type": "service"
  },
  "request": {
    "id": "f27d8db2-06cc-e9ce-683d-c81443c3f146",
    "operation": "create",
    "client_token": "hmac-sha256:a7593b14beae56e3727318fa335ddf4d3b93ddc5448b777e0270c090a0597d85",
    "client_token_accessor": "hmac-sha256:cd4fc3fe74ca10459dbd14da7bb138c993ace640ee8d01e93e10b7ba54deae99",
    "namespace": {
      "id": "root"
    },
    "path": "auth/userpass/users/ppresto",
    "data": {
      "password": "hmac-sha256:43e7dc33d98f35766e785df05f6e45891c9ce9db0dd88d56502862ed9a720764",
      "policies": "hmac-sha256:7fd2695cdd00b22fdce8ac807a2e33c640b63e0adc2da4497801589f93d3bb47"
    },
    "remote_address": "172.17.0.1"
  },
  "response": {}
}



# Authenticate user with userpass

{
  "time": "2019-10-11T19:29:34.8593755Z",
  "type": "request",
  "auth": {
    "client_token": "hmac-sha256:3694e05addb2d677a7a8964a3d254ad0da2402b1da8de2ec8dbe8b32f3e1d3f6",
    "token_type": "default"
  },
  "request": {
    "id": "51d3a224-0c0c-6cde-94df-8151cf44a962",
    "operation": "update",
    "client_token": "hmac-sha256:3694e05addb2d677a7a8964a3d254ad0da2402b1da8de2ec8dbe8b32f3e1d3f6",
    "namespace": {
      "id": "root"
    },
    "path": "auth/userpass/login/ppresto",
    "data": {
      "password": "hmac-sha256:43e7dc33d98f35766e785df05f6e45891c9ce9db0dd88d56502862ed9a720764"
    },
    "remote_address": "172.17.0.1"
  }
}
{
  "time": "2019-10-11T19:29:34.9176607Z",
  "type": "response",
  "auth": {
    "client_token": "hmac-sha256:7d6f497aa9583324218688da93c1597ba9b888755636c40fb86581ce877e14f1",
    "accessor": "hmac-sha256:579d9aff21a25214a56e13948c999ad50b5d22e866cf9cc1eb2215adac156121",
    "display_name": "userpass-ppresto",
    "policies": [
      "default",
      "team-se-policy"
    ],
    "token_policies": [
      "default",
      "team-se-policy"
    ],
    "metadata": {
      "username": "ppresto"
    },
    "entity_id": "ae09da8e-03b9-3aa6-3ac7-8705a95ba285",
    "token_type": "service"
  },
  "request": {
    "id": "51d3a224-0c0c-6cde-94df-8151cf44a962",
    "operation": "update",
    "client_token": "hmac-sha256:3694e05addb2d677a7a8964a3d254ad0da2402b1da8de2ec8dbe8b32f3e1d3f6",
    "namespace": {
      "id": "root"
    },
    "path": "auth/userpass/login/ppresto",
    "data": {
      "password": "hmac-sha256:43e7dc33d98f35766e785df05f6e45891c9ce9db0dd88d56502862ed9a720764"
    },
    "remote_address": "172.17.0.1"
  },
  "response": {
    "auth": {
      "client_token": "hmac-sha256:7d6f497aa9583324218688da93c1597ba9b888755636c40fb86581ce877e14f1",
      "accessor": "hmac-sha256:579d9aff21a25214a56e13948c999ad50b5d22e866cf9cc1eb2215adac156121",
      "display_name": "userpass-ppresto",
      "policies": [
        "default",
        "team-se-policy"
      ],
      "token_policies": [
        "default",
        "team-se-policy"
      ],
      "metadata": {
        "username": "ppresto"
      },
      "entity_id": "ae09da8e-03b9-3aa6-3ac7-8705a95ba285",
      "token_type": "service"
    }
  }
}


# Create k/v secret
{
  "time": "2019-10-11T19:29:45.0914108Z",
  "type": "request",
  "auth": {
    "client_token": "hmac-sha256:7d6f497aa9583324218688da93c1597ba9b888755636c40fb86581ce877e14f1",
    "accessor": "hmac-sha256:579d9aff21a25214a56e13948c999ad50b5d22e866cf9cc1eb2215adac156121",
    "display_name": "userpass-ppresto",
    "policies": [
      "default",
      "team-se-policy"
    ],
    "token_policies": [
      "default",
      "team-se-policy"
    ],
    "metadata": {
      "username": "ppresto"
    },
    "entity_id": "ae09da8e-03b9-3aa6-3ac7-8705a95ba285",
    "token_type": "service"
  },
  "request": {
    "id": "2a6ead44-48bd-3d1a-907b-28f44dc14a70",
    "operation": "read",
    "client_token": "hmac-sha256:7d6f497aa9583324218688da93c1597ba9b888755636c40fb86581ce877e14f1",
    "client_token_accessor": "hmac-sha256:579d9aff21a25214a56e13948c999ad50b5d22e866cf9cc1eb2215adac156121",
    "namespace": {
      "id": "root"
    },
    "path": "sys/internal/ui/mounts/secret/bar",
    "remote_address": "172.17.0.1"
  }
}
{
  "time": "2019-10-11T19:29:45.0926976Z",
  "type": "response",
  "auth": {
    "client_token": "hmac-sha256:7d6f497aa9583324218688da93c1597ba9b888755636c40fb86581ce877e14f1",
    "accessor": "hmac-sha256:579d9aff21a25214a56e13948c999ad50b5d22e866cf9cc1eb2215adac156121",
    "display_name": "userpass-ppresto",
    "policies": [
      "default",
      "team-se-policy"
    ],
    "token_policies": [
      "default",
      "team-se-policy"
    ],
    "metadata": {
      "username": "ppresto"
    },
    "entity_id": "ae09da8e-03b9-3aa6-3ac7-8705a95ba285",
    "token_type": "service"
  },
  "request": {
    "id": "2a6ead44-48bd-3d1a-907b-28f44dc14a70",
    "operation": "read",
    "client_token": "hmac-sha256:7d6f497aa9583324218688da93c1597ba9b888755636c40fb86581ce877e14f1",
    "client_token_accessor": "hmac-sha256:579d9aff21a25214a56e13948c999ad50b5d22e866cf9cc1eb2215adac156121",
    "namespace": {
      "id": "root"
    },
    "path": "sys/internal/ui/mounts/secret/bar",
    "remote_address": "172.17.0.1"
  },
  "response": {
    "data": {
      "accessor": "hmac-sha256:2e46e8194d8bf1012196425df40bbd9817d3d8f3acd073fb4d282fca3c87fa9d",
      "config": {
        "default_lease_ttl": 0,
        "force_no_cache": false,
        "max_lease_ttl": 0
      },
      "description": "hmac-sha256:6be223030bcd1a8617d3cbefc6164dfc59bae01599df157873074c15c387a9a7",
      "local": false,
      "options": {
        "version": "hmac-sha256:977ea507fdb370e472487928a3c9351a45114dfc6558dccb3320b1eea1182703"
      },
      "path": "hmac-sha256:e08c7a4a46360964f1171c94aab2fd8d4b5db8c5e27e869d292caf240ed5be85",
      "seal_wrap": false,
      "type": "hmac-sha256:01528fe26c609f3af52b60287d8f9f7e8289fb873cd0087b602b7c251708e7d9",
      "uuid": "hmac-sha256:42b03615c8ed9e3b55b505700cf44925a5d17f0b1b3d88c42ebdb7780c74743d"
    }
  }
}
{
  "time": "2019-10-11T19:29:45.0956736Z",
  "type": "request",
  "auth": {
    "client_token": "hmac-sha256:7d6f497aa9583324218688da93c1597ba9b888755636c40fb86581ce877e14f1",
    "accessor": "hmac-sha256:579d9aff21a25214a56e13948c999ad50b5d22e866cf9cc1eb2215adac156121",
    "display_name": "userpass-ppresto",
    "policies": [
      "default",
      "team-se-policy"
    ],
    "token_policies": [
      "default",
      "team-se-policy"
    ],
    "metadata": {
      "username": "ppresto"
    },
    "entity_id": "ae09da8e-03b9-3aa6-3ac7-8705a95ba285",
    "token_type": "service"
  },
  "request": {
    "id": "e23bd7c3-4487-5679-4046-d6a5c7c24137",
    "operation": "create",
    "client_token": "hmac-sha256:7d6f497aa9583324218688da93c1597ba9b888755636c40fb86581ce877e14f1",
    "client_token_accessor": "hmac-sha256:579d9aff21a25214a56e13948c999ad50b5d22e866cf9cc1eb2215adac156121",
    "namespace": {
      "id": "root"
    },
    "path": "secret/data/bar",
    "data": {
      "data": {
        "robot": "hmac-sha256:7e01154b8f79a1a39b3810f727fc326403302a14d87ae10fe7ba2b4f84ecd01c"
      },
      "options": {}
    },
    "remote_address": "172.17.0.1"
  }
}
{
  "time": "2019-10-11T19:29:45.0963718Z",
  "type": "response",
  "auth": {
    "client_token": "hmac-sha256:7d6f497aa9583324218688da93c1597ba9b888755636c40fb86581ce877e14f1",
    "accessor": "hmac-sha256:579d9aff21a25214a56e13948c999ad50b5d22e866cf9cc1eb2215adac156121",
    "display_name": "userpass-ppresto",
    "policies": [
      "default",
      "team-se-policy"
    ],
    "token_policies": [
      "default",
      "team-se-policy"
    ],
    "metadata": {
      "username": "ppresto"
    },
    "entity_id": "ae09da8e-03b9-3aa6-3ac7-8705a95ba285",
    "token_type": "service"
  },
  "request": {
    "id": "e23bd7c3-4487-5679-4046-d6a5c7c24137",
    "operation": "create",
    "client_token": "hmac-sha256:7d6f497aa9583324218688da93c1597ba9b888755636c40fb86581ce877e14f1",
    "client_token_accessor": "hmac-sha256:579d9aff21a25214a56e13948c999ad50b5d22e866cf9cc1eb2215adac156121",
    "namespace": {
      "id": "root"
    },
    "path": "secret/data/bar",
    "data": {
      "data": {
        "robot": "hmac-sha256:7e01154b8f79a1a39b3810f727fc326403302a14d87ae10fe7ba2b4f84ecd01c"
      },
      "options": {}
    },
    "remote_address": "172.17.0.1"
  },
  "response": {
    "data": {
      "created_time": "hmac-sha256:67adde6b9267b88ab8a8c1f88fa5afb5602e2adcd402a504acef4df4311a08c3",
      "deletion_time": "hmac-sha256:dc1e7dcb7922d10420b351622d070f1258f2d70e471b104510933947b7affade",
      "destroyed": false,
      "version": 1
    }
  }
}

# Read k/v secret

{
  "time": "2019-10-11T19:29:58.3072196Z",
  "type": "request",
  "auth": {
    "client_token": "hmac-sha256:7d6f497aa9583324218688da93c1597ba9b888755636c40fb86581ce877e14f1",
    "accessor": "hmac-sha256:579d9aff21a25214a56e13948c999ad50b5d22e866cf9cc1eb2215adac156121",
    "display_name": "userpass-ppresto",
    "policies": [
      "default",
      "team-se-policy"
    ],
    "token_policies": [
      "default",
      "team-se-policy"
    ],
    "metadata": {
      "username": "ppresto"
    },
    "entity_id": "ae09da8e-03b9-3aa6-3ac7-8705a95ba285",
    "token_type": "service"
  },
  "request": {
    "id": "205d0481-4c92-9771-956a-f9be60eb9e5a",
    "operation": "read",
    "client_token": "hmac-sha256:7d6f497aa9583324218688da93c1597ba9b888755636c40fb86581ce877e14f1",
    "client_token_accessor": "hmac-sha256:579d9aff21a25214a56e13948c999ad50b5d22e866cf9cc1eb2215adac156121",
    "namespace": {
      "id": "root"
    },
    "path": "sys/internal/ui/mounts/secret/bar",
    "remote_address": "172.17.0.1"
  }
}
{
  "time": "2019-10-11T19:29:58.3084064Z",
  "type": "response",
  "auth": {
    "client_token": "hmac-sha256:7d6f497aa9583324218688da93c1597ba9b888755636c40fb86581ce877e14f1",
    "accessor": "hmac-sha256:579d9aff21a25214a56e13948c999ad50b5d22e866cf9cc1eb2215adac156121",
    "display_name": "userpass-ppresto",
    "policies": [
      "default",
      "team-se-policy"
    ],
    "token_policies": [
      "default",
      "team-se-policy"
    ],
    "metadata": {
      "username": "ppresto"
    },
    "entity_id": "ae09da8e-03b9-3aa6-3ac7-8705a95ba285",
    "token_type": "service"
  },
  "request": {
    "id": "205d0481-4c92-9771-956a-f9be60eb9e5a",
    "operation": "read",
    "client_token": "hmac-sha256:7d6f497aa9583324218688da93c1597ba9b888755636c40fb86581ce877e14f1",
    "client_token_accessor": "hmac-sha256:579d9aff21a25214a56e13948c999ad50b5d22e866cf9cc1eb2215adac156121",
    "namespace": {
      "id": "root"
    },
    "path": "sys/internal/ui/mounts/secret/bar",
    "remote_address": "172.17.0.1"
  },
  "response": {
    "data": {
      "accessor": "hmac-sha256:2e46e8194d8bf1012196425df40bbd9817d3d8f3acd073fb4d282fca3c87fa9d",
      "config": {
        "default_lease_ttl": 0,
        "force_no_cache": false,
        "max_lease_ttl": 0
      },
      "description": "hmac-sha256:6be223030bcd1a8617d3cbefc6164dfc59bae01599df157873074c15c387a9a7",
      "local": false,
      "options": {
        "version": "hmac-sha256:977ea507fdb370e472487928a3c9351a45114dfc6558dccb3320b1eea1182703"
      },
      "path": "hmac-sha256:e08c7a4a46360964f1171c94aab2fd8d4b5db8c5e27e869d292caf240ed5be85",
      "seal_wrap": false,
      "type": "hmac-sha256:01528fe26c609f3af52b60287d8f9f7e8289fb873cd0087b602b7c251708e7d9",
      "uuid": "hmac-sha256:42b03615c8ed9e3b55b505700cf44925a5d17f0b1b3d88c42ebdb7780c74743d"
    }
  }
}
{
  "time": "2019-10-11T19:29:58.3107892Z",
  "type": "request",
  "auth": {
    "client_token": "hmac-sha256:7d6f497aa9583324218688da93c1597ba9b888755636c40fb86581ce877e14f1",
    "accessor": "hmac-sha256:579d9aff21a25214a56e13948c999ad50b5d22e866cf9cc1eb2215adac156121",
    "display_name": "userpass-ppresto",
    "policies": [
      "default",
      "team-se-policy"
    ],
    "token_policies": [
      "default",
      "team-se-policy"
    ],
    "metadata": {
      "username": "ppresto"
    },
    "entity_id": "ae09da8e-03b9-3aa6-3ac7-8705a95ba285",
    "token_type": "service"
  },
  "request": {
    "id": "279deab8-90d1-fe04-fc73-c57d8ee7c088",
    "operation": "read",
    "client_token": "hmac-sha256:7d6f497aa9583324218688da93c1597ba9b888755636c40fb86581ce877e14f1",
    "client_token_accessor": "hmac-sha256:579d9aff21a25214a56e13948c999ad50b5d22e866cf9cc1eb2215adac156121",
    "namespace": {
      "id": "root"
    },
    "path": "secret/data/bar",
    "remote_address": "172.17.0.1"
  }
}
{
  "time": "2019-10-11T19:29:58.3114945Z",
  "type": "response",
  "auth": {
    "client_token": "hmac-sha256:7d6f497aa9583324218688da93c1597ba9b888755636c40fb86581ce877e14f1",
    "accessor": "hmac-sha256:579d9aff21a25214a56e13948c999ad50b5d22e866cf9cc1eb2215adac156121",
    "display_name": "userpass-ppresto",
    "policies": [
      "default",
      "team-se-policy"
    ],
    "token_policies": [
      "default",
      "team-se-policy"
    ],
    "metadata": {
      "username": "ppresto"
    },
    "entity_id": "ae09da8e-03b9-3aa6-3ac7-8705a95ba285",
    "token_type": "service"
  },
  "request": {
    "id": "279deab8-90d1-fe04-fc73-c57d8ee7c088",
    "operation": "read",
    "client_token": "hmac-sha256:7d6f497aa9583324218688da93c1597ba9b888755636c40fb86581ce877e14f1",
    "client_token_accessor": "hmac-sha256:579d9aff21a25214a56e13948c999ad50b5d22e866cf9cc1eb2215adac156121",
    "namespace": {
      "id": "root"
    },
    "path": "secret/data/bar",
    "remote_address": "172.17.0.1"
  },
  "response": {
    "data": {
      "data": {
        "robot": "hmac-sha256:7e01154b8f79a1a39b3810f727fc326403302a14d87ae10fe7ba2b4f84ecd01c"
      },
      "metadata": {
        "created_time": "hmac-sha256:67adde6b9267b88ab8a8c1f88fa5afb5602e2adcd402a504acef4df4311a08c3",
        "deletion_time": "hmac-sha256:dc1e7dcb7922d10420b351622d070f1258f2d70e471b104510933947b7affade",
        "destroyed": false,
        "version": 1
      }
    }
  }
}


# Read Undefined k/v secret
{
  "time": "2019-10-11T19:30:12.9281908Z",
  "type": "request",
  "auth": {
    "client_token": "hmac-sha256:7d6f497aa9583324218688da93c1597ba9b888755636c40fb86581ce877e14f1",
    "accessor": "hmac-sha256:579d9aff21a25214a56e13948c999ad50b5d22e866cf9cc1eb2215adac156121",
    "display_name": "userpass-ppresto",
    "policies": [
      "default",
      "team-se-policy"
    ],
    "token_policies": [
      "default",
      "team-se-policy"
    ],
    "metadata": {
      "username": "ppresto"
    },
    "entity_id": "ae09da8e-03b9-3aa6-3ac7-8705a95ba285",
    "token_type": "service"
  },
  "request": {
    "id": "14c22177-3f82-6458-8e1e-cfb41b029285",
    "operation": "read",
    "client_token": "hmac-sha256:7d6f497aa9583324218688da93c1597ba9b888755636c40fb86581ce877e14f1",
    "client_token_accessor": "hmac-sha256:579d9aff21a25214a56e13948c999ad50b5d22e866cf9cc1eb2215adac156121",
    "namespace": {
      "id": "root"
    },
    "path": "sys/internal/ui/mounts/secret/bar/undefined",
    "remote_address": "172.17.0.1"
  }
}
{
  "time": "2019-10-11T19:30:12.9294735Z",
  "type": "response",
  "auth": {
    "client_token": "hmac-sha256:7d6f497aa9583324218688da93c1597ba9b888755636c40fb86581ce877e14f1",
    "accessor": "hmac-sha256:579d9aff21a25214a56e13948c999ad50b5d22e866cf9cc1eb2215adac156121",
    "display_name": "userpass-ppresto",
    "policies": [
      "default",
      "team-se-policy"
    ],
    "token_policies": [
      "default",
      "team-se-policy"
    ],
    "metadata": {
      "username": "ppresto"
    },
    "entity_id": "ae09da8e-03b9-3aa6-3ac7-8705a95ba285",
    "token_type": "service"
  },
  "request": {
    "id": "14c22177-3f82-6458-8e1e-cfb41b029285",
    "operation": "read",
    "client_token": "hmac-sha256:7d6f497aa9583324218688da93c1597ba9b888755636c40fb86581ce877e14f1",
    "client_token_accessor": "hmac-sha256:579d9aff21a25214a56e13948c999ad50b5d22e866cf9cc1eb2215adac156121",
    "namespace": {
      "id": "root"
    },
    "path": "sys/internal/ui/mounts/secret/bar/undefined",
    "remote_address": "172.17.0.1"
  },
  "response": {
    "data": {
      "accessor": "hmac-sha256:2e46e8194d8bf1012196425df40bbd9817d3d8f3acd073fb4d282fca3c87fa9d",
      "config": {
        "default_lease_ttl": 0,
        "force_no_cache": false,
        "max_lease_ttl": 0
      },
      "description": "hmac-sha256:6be223030bcd1a8617d3cbefc6164dfc59bae01599df157873074c15c387a9a7",
      "local": false,
      "options": {
        "version": "hmac-sha256:977ea507fdb370e472487928a3c9351a45114dfc6558dccb3320b1eea1182703"
      },
      "path": "hmac-sha256:e08c7a4a46360964f1171c94aab2fd8d4b5db8c5e27e869d292caf240ed5be85",
      "seal_wrap": false,
      "type": "hmac-sha256:01528fe26c609f3af52b60287d8f9f7e8289fb873cd0087b602b7c251708e7d9",
      "uuid": "hmac-sha256:42b03615c8ed9e3b55b505700cf44925a5d17f0b1b3d88c42ebdb7780c74743d"
    }
  }
}
{
  "time": "2019-10-11T19:30:12.9339797Z",
  "type": "request",
  "auth": {
    "client_token": "hmac-sha256:7d6f497aa9583324218688da93c1597ba9b888755636c40fb86581ce877e14f1",
    "accessor": "hmac-sha256:579d9aff21a25214a56e13948c999ad50b5d22e866cf9cc1eb2215adac156121",
    "display_name": "userpass-ppresto",
    "policies": [
      "default",
      "team-se-policy"
    ],
    "token_policies": [
      "default",
      "team-se-policy"
    ],
    "metadata": {
      "username": "ppresto"
    },
    "entity_id": "ae09da8e-03b9-3aa6-3ac7-8705a95ba285",
    "token_type": "service"
  },
  "request": {
    "id": "2a5da7b5-0769-32b5-a500-80c3c51e0390",
    "operation": "read",
    "client_token": "hmac-sha256:7d6f497aa9583324218688da93c1597ba9b888755636c40fb86581ce877e14f1",
    "client_token_accessor": "hmac-sha256:579d9aff21a25214a56e13948c999ad50b5d22e866cf9cc1eb2215adac156121",
    "namespace": {
      "id": "root"
    },
    "path": "secret/data/bar/undefined",
    "remote_address": "172.17.0.1"
  }
}
{
  "time": "2019-10-11T19:30:12.9344713Z",
  "type": "response",
  "auth": {
    "client_token": "hmac-sha256:7d6f497aa9583324218688da93c1597ba9b888755636c40fb86581ce877e14f1",
    "accessor": "hmac-sha256:579d9aff21a25214a56e13948c999ad50b5d22e866cf9cc1eb2215adac156121",
    "display_name": "userpass-ppresto",
    "policies": [
      "default",
      "team-se-policy"
    ],
    "token_policies": [
      "default",
      "team-se-policy"
    ],
    "metadata": {
      "username": "ppresto"
    },
    "entity_id": "ae09da8e-03b9-3aa6-3ac7-8705a95ba285",
    "token_type": "service"
  },
  "request": {
    "id": "2a5da7b5-0769-32b5-a500-80c3c51e0390",
    "operation": "read",
    "client_token": "hmac-sha256:7d6f497aa9583324218688da93c1597ba9b888755636c40fb86581ce877e14f1",
    "client_token_accessor": "hmac-sha256:579d9aff21a25214a56e13948c999ad50b5d22e866cf9cc1eb2215adac156121",
    "namespace": {
      "id": "root"
    },
    "path": "secret/data/bar/undefined",
    "remote_address": "172.17.0.1"
  },
  "response": {}
}


# Write data to path you dont have permissions to
{
  "time": "2019-10-11T19:30:36.1631868Z",
  "type": "request",
  "auth": {
    "client_token": "hmac-sha256:7d6f497aa9583324218688da93c1597ba9b888755636c40fb86581ce877e14f1",
    "accessor": "hmac-sha256:579d9aff21a25214a56e13948c999ad50b5d22e866cf9cc1eb2215adac156121",
    "display_name": "userpass-ppresto",
    "policies": [
      "default",
      "team-se-policy"
    ],
    "token_policies": [
      "default",
      "team-se-policy"
    ],
    "metadata": {
      "username": "ppresto"
    },
    "entity_id": "ae09da8e-03b9-3aa6-3ac7-8705a95ba285",
    "token_type": "service"
  },
  "request": {
    "id": "f36ab1f1-1078-5d77-0257-f33d7a144ce4",
    "operation": "read",
    "client_token": "hmac-sha256:7d6f497aa9583324218688da93c1597ba9b888755636c40fb86581ce877e14f1",
    "client_token_accessor": "hmac-sha256:579d9aff21a25214a56e13948c999ad50b5d22e866cf9cc1eb2215adac156121",
    "namespace": {
      "id": "root"
    },
    "path": "sys/internal/ui/mounts/secret/foo",
    "remote_address": "172.17.0.1"
  }
}
{
  "time": "2019-10-11T19:30:36.1644726Z",
  "type": "response",
  "auth": {
    "client_token": "hmac-sha256:7d6f497aa9583324218688da93c1597ba9b888755636c40fb86581ce877e14f1",
    "accessor": "hmac-sha256:579d9aff21a25214a56e13948c999ad50b5d22e866cf9cc1eb2215adac156121",
    "display_name": "userpass-ppresto",
    "policies": [
      "default",
      "team-se-policy"
    ],
    "token_policies": [
      "default",
      "team-se-policy"
    ],
    "metadata": {
      "username": "ppresto"
    },
    "entity_id": "ae09da8e-03b9-3aa6-3ac7-8705a95ba285",
    "token_type": "service"
  },
  "request": {
    "id": "f36ab1f1-1078-5d77-0257-f33d7a144ce4",
    "operation": "read",
    "client_token": "hmac-sha256:7d6f497aa9583324218688da93c1597ba9b888755636c40fb86581ce877e14f1",
    "client_token_accessor": "hmac-sha256:579d9aff21a25214a56e13948c999ad50b5d22e866cf9cc1eb2215adac156121",
    "namespace": {
      "id": "root"
    },
    "path": "sys/internal/ui/mounts/secret/foo",
    "remote_address": "172.17.0.1"
  },
  "response": {
    "data": {
      "accessor": "hmac-sha256:2e46e8194d8bf1012196425df40bbd9817d3d8f3acd073fb4d282fca3c87fa9d",
      "config": {
        "default_lease_ttl": 0,
        "force_no_cache": false,
        "max_lease_ttl": 0
      },
      "description": "hmac-sha256:6be223030bcd1a8617d3cbefc6164dfc59bae01599df157873074c15c387a9a7",
      "local": false,
      "options": {
        "version": "hmac-sha256:977ea507fdb370e472487928a3c9351a45114dfc6558dccb3320b1eea1182703"
      },
      "path": "hmac-sha256:e08c7a4a46360964f1171c94aab2fd8d4b5db8c5e27e869d292caf240ed5be85",
      "seal_wrap": false,
      "type": "hmac-sha256:01528fe26c609f3af52b60287d8f9f7e8289fb873cd0087b602b7c251708e7d9",
      "uuid": "hmac-sha256:42b03615c8ed9e3b55b505700cf44925a5d17f0b1b3d88c42ebdb7780c74743d"
    }
  }
}
{
  "time": "2019-10-11T19:30:36.1667649Z",
  "type": "request",
  "auth": {
    "client_token": "hmac-sha256:7d6f497aa9583324218688da93c1597ba9b888755636c40fb86581ce877e14f1",
    "accessor": "hmac-sha256:579d9aff21a25214a56e13948c999ad50b5d22e866cf9cc1eb2215adac156121",
    "display_name": "userpass-ppresto",
    "policies": [
      "default",
      "team-se-policy"
    ],
    "token_policies": [
      "default",
      "team-se-policy"
    ],
    "metadata": {
      "username": "ppresto"
    },
    "entity_id": "ae09da8e-03b9-3aa6-3ac7-8705a95ba285",
    "token_type": "service"
  },
  "request": {
    "id": "79289ac2-d0ae-c48f-e09f-b783a6d3046c",
    "operation": "update",
    "client_token": "hmac-sha256:7d6f497aa9583324218688da93c1597ba9b888755636c40fb86581ce877e14f1",
    "client_token_accessor": "hmac-sha256:579d9aff21a25214a56e13948c999ad50b5d22e866cf9cc1eb2215adac156121",
    "namespace": {
      "id": "root"
    },
    "path": "secret/data/foo",
    "data": {
      "data": {
        "robot": "hmac-sha256:7e01154b8f79a1a39b3810f727fc326403302a14d87ae10fe7ba2b4f84ecd01c"
      },
      "options": {}
    },
    "remote_address": "172.17.0.1"
  },
  "error": "1 error occurred:\n\t* permission denied\n\n"
}
{
  "time": "2019-10-11T19:30:36.1671425Z",
  "type": "response",
  "auth": {
    "client_token": "hmac-sha256:7d6f497aa9583324218688da93c1597ba9b888755636c40fb86581ce877e14f1",
    "accessor": "hmac-sha256:579d9aff21a25214a56e13948c999ad50b5d22e866cf9cc1eb2215adac156121",
    "display_name": "userpass-ppresto",
    "policies": [
      "default",
      "team-se-policy"
    ],
    "token_policies": [
      "default",
      "team-se-policy"
    ],
    "metadata": {
      "username": "ppresto"
    },
    "entity_id": "ae09da8e-03b9-3aa6-3ac7-8705a95ba285",
    "token_type": "service"
  },
  "request": {
    "id": "79289ac2-d0ae-c48f-e09f-b783a6d3046c",
    "operation": "update",
    "client_token": "hmac-sha256:7d6f497aa9583324218688da93c1597ba9b888755636c40fb86581ce877e14f1",
    "client_token_accessor": "hmac-sha256:579d9aff21a25214a56e13948c999ad50b5d22e866cf9cc1eb2215adac156121",
    "namespace": {
      "id": "root"
    },
    "path": "secret/data/foo",
    "data": {
      "data": {
        "robot": "hmac-sha256:7e01154b8f79a1a39b3810f727fc326403302a14d87ae10fe7ba2b4f84ecd01c"
      },
      "options": {}
    },
    "remote_address": "172.17.0.1"
  },
  "response": {
    "data": {
      "error": "hmac-sha256:648a66cb6028d5cc159720966930c6b2616c768b3d08dc3cf799364ea0173007"
    }
  },
  "error": "1 error occurred:\n\t* permission denied\n\n"
}


#  Read this same path which your policy does give you read-only permissions to

{
  "time": "2019-10-11T19:31:28.1914501Z",
  "type": "request",
  "auth": {
    "client_token": "hmac-sha256:7d6f497aa9583324218688da93c1597ba9b888755636c40fb86581ce877e14f1",
    "accessor": "hmac-sha256:579d9aff21a25214a56e13948c999ad50b5d22e866cf9cc1eb2215adac156121",
    "display_name": "userpass-ppresto",
    "policies": [
      "default",
      "team-se-policy"
    ],
    "token_policies": [
      "default",
      "team-se-policy"
    ],
    "metadata": {
      "username": "ppresto"
    },
    "entity_id": "ae09da8e-03b9-3aa6-3ac7-8705a95ba285",
    "token_type": "service"
  },
  "request": {
    "id": "4a704b4c-7f95-f277-5729-eeb25c4e45c4",
    "operation": "read",
    "client_token": "hmac-sha256:7d6f497aa9583324218688da93c1597ba9b888755636c40fb86581ce877e14f1",
    "client_token_accessor": "hmac-sha256:579d9aff21a25214a56e13948c999ad50b5d22e866cf9cc1eb2215adac156121",
    "namespace": {
      "id": "root"
    },
    "path": "sys/internal/ui/mounts/secret/foo",
    "remote_address": "172.17.0.1"
  }
}
{
  "time": "2019-10-11T19:31:28.1928865Z",
  "type": "response",
  "auth": {
    "client_token": "hmac-sha256:7d6f497aa9583324218688da93c1597ba9b888755636c40fb86581ce877e14f1",
    "accessor": "hmac-sha256:579d9aff21a25214a56e13948c999ad50b5d22e866cf9cc1eb2215adac156121",
    "display_name": "userpass-ppresto",
    "policies": [
      "default",
      "team-se-policy"
    ],
    "token_policies": [
      "default",
      "team-se-policy"
    ],
    "metadata": {
      "username": "ppresto"
    },
    "entity_id": "ae09da8e-03b9-3aa6-3ac7-8705a95ba285",
    "token_type": "service"
  },
  "request": {
    "id": "4a704b4c-7f95-f277-5729-eeb25c4e45c4",
    "operation": "read",
    "client_token": "hmac-sha256:7d6f497aa9583324218688da93c1597ba9b888755636c40fb86581ce877e14f1",
    "client_token_accessor": "hmac-sha256:579d9aff21a25214a56e13948c999ad50b5d22e866cf9cc1eb2215adac156121",
    "namespace": {
      "id": "root"
    },
    "path": "sys/internal/ui/mounts/secret/foo",
    "remote_address": "172.17.0.1"
  },
  "response": {
    "data": {
      "accessor": "hmac-sha256:2e46e8194d8bf1012196425df40bbd9817d3d8f3acd073fb4d282fca3c87fa9d",
      "config": {
        "default_lease_ttl": 0,
        "force_no_cache": false,
        "max_lease_ttl": 0
      },
      "description": "hmac-sha256:6be223030bcd1a8617d3cbefc6164dfc59bae01599df157873074c15c387a9a7",
      "local": false,
      "options": {
        "version": "hmac-sha256:977ea507fdb370e472487928a3c9351a45114dfc6558dccb3320b1eea1182703"
      },
      "path": "hmac-sha256:e08c7a4a46360964f1171c94aab2fd8d4b5db8c5e27e869d292caf240ed5be85",
      "seal_wrap": false,
      "type": "hmac-sha256:01528fe26c609f3af52b60287d8f9f7e8289fb873cd0087b602b7c251708e7d9",
      "uuid": "hmac-sha256:42b03615c8ed9e3b55b505700cf44925a5d17f0b1b3d88c42ebdb7780c74743d"
    }
  }
}
{
  "time": "2019-10-11T19:31:28.1959633Z",
  "type": "request",
  "auth": {
    "client_token": "hmac-sha256:7d6f497aa9583324218688da93c1597ba9b888755636c40fb86581ce877e14f1",
    "accessor": "hmac-sha256:579d9aff21a25214a56e13948c999ad50b5d22e866cf9cc1eb2215adac156121",
    "display_name": "userpass-ppresto",
    "policies": [
      "default",
      "team-se-policy"
    ],
    "token_policies": [
      "default",
      "team-se-policy"
    ],
    "metadata": {
      "username": "ppresto"
    },
    "entity_id": "ae09da8e-03b9-3aa6-3ac7-8705a95ba285",
    "token_type": "service"
  },
  "request": {
    "id": "575a784e-cef8-855b-1ad3-7c7965a3e143",
    "operation": "read",
    "client_token": "hmac-sha256:7d6f497aa9583324218688da93c1597ba9b888755636c40fb86581ce877e14f1",
    "client_token_accessor": "hmac-sha256:579d9aff21a25214a56e13948c999ad50b5d22e866cf9cc1eb2215adac156121",
    "namespace": {
      "id": "root"
    },
    "path": "secret/data/foo",
    "remote_address": "172.17.0.1"
  }
}
{
  "time": "2019-10-11T19:31:28.196638Z",
  "type": "response",
  "auth": {
    "client_token": "hmac-sha256:7d6f497aa9583324218688da93c1597ba9b888755636c40fb86581ce877e14f1",
    "accessor": "hmac-sha256:579d9aff21a25214a56e13948c999ad50b5d22e866cf9cc1eb2215adac156121",
    "display_name": "userpass-ppresto",
    "policies": [
      "default",
      "team-se-policy"
    ],
    "token_policies": [
      "default",
      "team-se-policy"
    ],
    "metadata": {
      "username": "ppresto"
    },
    "entity_id": "ae09da8e-03b9-3aa6-3ac7-8705a95ba285",
    "token_type": "service"
  },
  "request": {
    "id": "575a784e-cef8-855b-1ad3-7c7965a3e143",
    "operation": "read",
    "client_token": "hmac-sha256:7d6f497aa9583324218688da93c1597ba9b888755636c40fb86581ce877e14f1",
    "client_token_accessor": "hmac-sha256:579d9aff21a25214a56e13948c999ad50b5d22e866cf9cc1eb2215adac156121",
    "namespace": {
      "id": "root"
    },
    "path": "secret/data/foo",
    "remote_address": "172.17.0.1"
  },
  "response": {
    "data": {
      "data": {
        "robot": "hmac-sha256:47b92f35dd37676cfc2e331394ea44e113c4f22156705c02914fccc9a55d05bc"
      },
      "metadata": {
        "created_time": "hmac-sha256:2e5287fe319eff24123da4fe1b0af042a728a681e2bf6c10bb6859c0225a0d23",
        "deletion_time": "hmac-sha256:dc1e7dcb7922d10420b351622d070f1258f2d70e471b104510933947b7affade",
        "destroyed": false,
        "version": 1
      }
    }
  }
}